<?xml version="1.0" encoding="UTF-8"?>
<!-- Generated by org.testng.reporters.JUnitReportReporter -->
<testsuite hostname="H2600-0463L" name="com.perficient.test.cat.catinspectweb.testcase.createform.TC2909_VerifyCreateSubQuestion" tests="1" failures="0" timestamp="26 Jan 2018 06:40:21 GMT" time="80.963" errors="0">
  <testcase name="verify_TC2909_VerifyCreateSubQuestion" time="80.963" classname="com.perficient.test.cat.catinspectweb.testcase.createform.TC2909_VerifyCreateSubQuestion"/>
</testsuite> <!-- com.perficient.test.cat.catinspectweb.testcase.createform.TC2909_VerifyCreateSubQuestion -->
