<?xml version="1.0" encoding="UTF-8"?>
<!-- Generated by org.testng.reporters.JUnitReportReporter -->
<testsuite hostname="H2600-0463L" name="com.perficient.test.cat.catinspectweb.testcase.advancedsearch.TC2932_CheckSortingInAdvancedSearchPage" tests="1" failures="0" timestamp="26 Jan 2018 06:40:21 GMT" time="130.858" errors="0">
  <testcase name="Verify_TC2623_ViewHelpFileAfterAdded" time="130.858" classname="com.perficient.test.cat.catinspectweb.testcase.advancedsearch.TC2932_CheckSortingInAdvancedSearchPage"/>
</testsuite> <!-- com.perficient.test.cat.catinspectweb.testcase.advancedsearch.TC2932_CheckSortingInAdvancedSearchPage -->
