<?xml version="1.0" encoding="UTF-8"?>
<!-- Generated by org.testng.reporters.JUnitReportReporter -->
<testsuite hostname="ARWJMETP01" name="com.perficient.test.cat.pccaurora.testcase.catalogbrowse.TC1893_Qty01PlppgpquantityFieldValidation" tests="1" failures="0" timestamp="27 Jul 2016 08:47:41 GMT" time="532.155" errors="0">
  <testcase name="verify_TC1893_Qty01PlppgpquantityFieldValidation" time="532.155" classname="com.perficient.test.cat.pccaurora.testcase.catalogbrowse.TC1893_Qty01PlppgpquantityFieldValidation"/>
</testsuite> <!-- com.perficient.test.cat.pccaurora.testcase.catalogbrowse.TC1893_Qty01PlppgpquantityFieldValidation -->
