<?xml version="1.0" encoding="UTF-8"?>
<!-- Generated by org.testng.reporters.JUnitReportReporter -->
<testsuite hostname="H2600-0463L" name="com.perficient.test.cat.catinspectweb.testcase.ManageForm.TC2935_CheckSortingFunctionInManageFormPage" tests="1" failures="0" timestamp="5 Mar 2018 08:20:21 GMT" time="128.855" errors="0">
  <testcase name="verify_TC2935_CheckSortingFunctionInManageFormPage" time="128.855" classname="com.perficient.test.cat.catinspectweb.testcase.ManageForm.TC2935_CheckSortingFunctionInManageFormPage"/>
</testsuite> <!-- com.perficient.test.cat.catinspectweb.testcase.ManageForm.TC2935_CheckSortingFunctionInManageFormPage -->
