<?xml version="1.0" encoding="UTF-8"?>
<!-- Generated by org.testng.reporters.JUnitReportReporter -->
<testsuite hostname="H2600-0463L" name="com.perficient.test.cat.catinspectweb.testcase.debug.TC2932_CheckSortingInAdvancedSearchPage" tests="1" failures="0" timestamp="16 Jan 2018 08:57:06 GMT" time="120.778" errors="0">
  <testcase name="Verify_TC2623_ViewHelpFileAfterAdded" time="120.778" classname="com.perficient.test.cat.catinspectweb.testcase.debug.TC2932_CheckSortingInAdvancedSearchPage"/>
</testsuite> <!-- com.perficient.test.cat.catinspectweb.testcase.debug.TC2932_CheckSortingInAdvancedSearchPage -->
