<?xml version="1.0" encoding="UTF-8"?>
<!-- Generated by org.testng.reporters.JUnitReportReporter -->
<testsuite hostname="ARWJMETP01" name="com.perficient.test.cat.pccaurora.testcase.quickorder.TC1127_Sc027tc13uploadNumerousPartsThroughCsvUpload" tests="1" failures="0" timestamp="29 Jul 2016 08:45:01 GMT" time="379.342" errors="0">
  <testcase name="verify_TC1127_Sc027tc13uploadNumerousPartsThroughCsvUpload" time="379.342" classname="com.perficient.test.cat.pccaurora.testcase.quickorder.TC1127_Sc027tc13uploadNumerousPartsThroughCsvUpload"/>
</testsuite> <!-- com.perficient.test.cat.pccaurora.testcase.quickorder.TC1127_Sc027tc13uploadNumerousPartsThroughCsvUpload -->
