<?xml version="1.0" encoding="UTF-8"?>
<!-- Generated by org.testng.reporters.JUnitReportReporter -->
<testsuite hostname="H2600-0463L" name="com.perficient.test.cat.catinspectweb.testcase.ManageForm.TC2388_FilterFormBySerialNumberPrefix" tests="1" failures="0" timestamp="5 Mar 2018 06:16:54 GMT" time="115.780" errors="0">
  <testcase name="verify_TC2388_FilterFormWithSerialNumberPrefix" time="115.780" classname="com.perficient.test.cat.catinspectweb.testcase.ManageForm.TC2388_FilterFormBySerialNumberPrefix"/>
</testsuite> <!-- com.perficient.test.cat.catinspectweb.testcase.ManageForm.TC2388_FilterFormBySerialNumberPrefix -->
