<?xml version="1.0" encoding="UTF-8"?>
<!-- Generated by org.testng.reporters.JUnitReportReporter -->
<testsuite hostname="H2600-0463L" name="com.perficient.test.cat.catinspectweb.testcase.debug.TC2397_EditPicturesInGeneralCommentsSectionInEditInspection" tests="1" failures="0" timestamp="7 Feb 2018 03:15:01 GMT" time="367.432" errors="0">
  <testcase name="verify_TC2397_EditPicturesInGeneralCommentsSectionInEditInspection" time="367.432" classname="com.perficient.test.cat.catinspectweb.testcase.debug.TC2397_EditPicturesInGeneralCommentsSectionInEditInspection"/>
</testsuite> <!-- com.perficient.test.cat.catinspectweb.testcase.debug.TC2397_EditPicturesInGeneralCommentsSectionInEditInspection -->
