<?xml version="1.0" encoding="UTF-8"?>
<!-- Generated by org.testng.reporters.JUnitReportReporter -->
<testsuite hostname="H2600-0464L" name="com.perficient.test.cat.catinspectweb.testcase.email.TC01_Testing" tests="1" failures="0" timestamp="31 Oct 2017 08:35:42 GMT" time="75.963" errors="0">
  <testcase name="verify_TC01_Testing" time="75.963" classname="com.perficient.test.cat.catinspectweb.testcase.email.TC01_Testing"/>
</testsuite> <!-- com.perficient.test.cat.catinspectweb.testcase.email.TC01_Testing -->
