<?xml version="1.0" encoding="UTF-8"?>
<!-- Generated by org.testng.reporters.JUnitReportReporter -->
<testsuite hostname="H2600-0463L" name="com.perficient.test.cat.catinspectweb.testcase.createform.TC2638_PreviewTheFormInManageFormScreen" tests="1" failures="0" timestamp="12 Mar 2018 08:12:24 GMT" time="81.887" errors="0">
  <testcase name="Verify_TC2638_PreviewTheFormInManageFormScreen" time="81.887" classname="com.perficient.test.cat.catinspectweb.testcase.createform.TC2638_PreviewTheFormInManageFormScreen"/>
</testsuite> <!-- com.perficient.test.cat.catinspectweb.testcase.createform.TC2638_PreviewTheFormInManageFormScreen -->
