<?xml version="1.0" encoding="UTF-8"?>
<!-- Generated by org.testng.reporters.JUnitReportReporter -->
<testsuite hostname="ARWJMETP01" name="com.perficient.test.cat.pccaurora.testcase.checkout.TC1916_Tc02" tests="1" failures="0" timestamp="3 Aug 2016 02:54:39 GMT" time="114.542" errors="0">
  <testcase name="verify_TC1916_Tc02" time="114.542" classname="com.perficient.test.cat.pccaurora.testcase.checkout.TC1916_Tc02"/>
</testsuite> <!-- com.perficient.test.cat.pccaurora.testcase.checkout.TC1916_Tc02 -->
