<?xml version="1.0" encoding="UTF-8"?>
<!-- Generated by org.testng.reporters.JUnitReportReporter -->
<testsuite hostname="H2600-0463L" name="com.perficient.test.cat.catinspectweb.testcase.createform.TC2677_SaveIconAndResetIconAvailableInCreateFormProcess" tests="1" failures="0" timestamp="12 Mar 2018 08:22:59 GMT" time="85.476" errors="0">
  <testcase name="verify_TC2677_SaveIconAndResetIconAvailableInCreateFormProcess" time="85.476" classname="com.perficient.test.cat.catinspectweb.testcase.createform.TC2677_SaveIconAndResetIconAvailableInCreateFormProcess"/>
</testsuite> <!-- com.perficient.test.cat.catinspectweb.testcase.createform.TC2677_SaveIconAndResetIconAvailableInCreateFormProcess -->
