<?xml version="1.0" encoding="UTF-8"?>
<!-- Generated by org.testng.reporters.JUnitReportReporter -->
<testsuite hostname="H2600-0463L" name="com.perficient.test.cat.catinspectweb.testcase.editinspection.TC2641_NOTavailableToUpdatedUncompletedInspection" tests="1" failures="0" timestamp="6 Mar 2018 02:56:05 GMT" time="155.808" errors="0">
  <testcase name="verify_TC2641_NOTavailableToUpdatedUncompletedInspection" time="155.808" classname="com.perficient.test.cat.catinspectweb.testcase.editinspection.TC2641_NOTavailableToUpdatedUncompletedInspection"/>
</testsuite> <!-- com.perficient.test.cat.catinspectweb.testcase.editinspection.TC2641_NOTavailableToUpdatedUncompletedInspection -->
