<?xml version="1.0" encoding="UTF-8"?>
<!-- Generated by org.testng.reporters.JUnitReportReporter -->
<testsuite hostname="H2600-0463L" name="com.perficient.test.cat.catinspectweb.testcase.debug.TC2394_EditTextForGeneralComments" tests="1" failures="0" timestamp="6 Feb 2018 08:46:13 GMT" time="219.421" errors="0">
  <testcase name="verify_TC2700_AddAndDeleteCommentsWhenEditInspection" time="219.421" classname="com.perficient.test.cat.catinspectweb.testcase.debug.TC2394_EditTextForGeneralComments"/>
</testsuite> <!-- com.perficient.test.cat.catinspectweb.testcase.debug.TC2394_EditTextForGeneralComments -->
