<?xml version="1.0" encoding="UTF-8"?>
<!-- Generated by org.testng.reporters.JUnitReportReporter -->
<testsuite hostname="ARWJMETP01" name="com.perficient.test.cat.pccaurora.testcase.quickorder.TC1576_AddMoreThan180PartsInTheQuickOrderPage" tests="1" failures="0" timestamp="29 Jul 2016 08:45:01 GMT" time="291.607" errors="0">
  <testcase name="verify_TC1576_AddMoreThan180PartsInTheQuickOrderPage" time="291.607" classname="com.perficient.test.cat.pccaurora.testcase.quickorder.TC1576_AddMoreThan180PartsInTheQuickOrderPage"/>
</testsuite> <!-- com.perficient.test.cat.pccaurora.testcase.quickorder.TC1576_AddMoreThan180PartsInTheQuickOrderPage -->
