<?xml version="1.0" encoding="UTF-8"?>
<!-- Generated by org.testng.reporters.JUnitReportReporter -->
<testsuite hostname="H2600-0463L" name="com.perficient.test.cat.catinspectweb.testcase.debug.TC2914_SearchBySN" tests="1" failures="0" timestamp="16 Jan 2018 06:02:37 GMT" time="80.642" errors="0">
  <testcase name="Verify_TC2623_ViewHelpFileAfterAdded" time="80.642" classname="com.perficient.test.cat.catinspectweb.testcase.debug.TC2914_SearchBySN"/>
</testsuite> <!-- com.perficient.test.cat.catinspectweb.testcase.debug.TC2914_SearchBySN -->
