<?xml version="1.0" encoding="UTF-8"?>
<!-- Generated by org.testng.reporters.JUnitReportReporter -->
<testsuite hostname="H2600-0463L" name="com.perficient.test.cat.catinspectweb.testcase.createform.TC2637_AddAndModifyQuestionWhenCreateForm" tests="1" failures="0" timestamp="31 Jan 2018 06:46:07 GMT" time="138.573" errors="0">
  <testcase name="Verify_TC2637_AddAndModifyQuestionWhenCreateForm" time="138.573" classname="com.perficient.test.cat.catinspectweb.testcase.createform.TC2637_AddAndModifyQuestionWhenCreateForm"/>
</testsuite> <!-- com.perficient.test.cat.catinspectweb.testcase.createform.TC2637_AddAndModifyQuestionWhenCreateForm -->
