<?xml version="1.0" encoding="UTF-8"?>
<!-- Generated by org.testng.reporters.JUnitReportReporter -->
<testsuite hostname="ARWJMETP01" name="com.perficient.test.cat.pccaurora.testcase.catalogbrowse.TC1950_Tc015pmChecklistsosSpacePricing" tests="1" failures="0" timestamp="2 Aug 2016 08:34:56 GMT" time="121.652" errors="0">
  <testcase name="verify_TC1950_Tc015pmChecklistsosSpacePricing" time="121.652" classname="com.perficient.test.cat.pccaurora.testcase.catalogbrowse.TC1950_Tc015pmChecklistsosSpacePricing"/>
</testsuite> <!-- com.perficient.test.cat.pccaurora.testcase.catalogbrowse.TC1950_Tc015pmChecklistsosSpacePricing -->
