<?xml version="1.0" encoding="UTF-8"?>
<!-- Generated by org.testng.reporters.JUnitReportReporter -->
<testsuite hostname="H2600-0463L" name="com.perficient.test.cat.catinspectweb.testcase.createform.TC2941_UserCanChangeFamilyAndTypeWhencloneForm" tests="1" failures="0" timestamp="12 Mar 2018 09:04:09 GMT" time="107.160" errors="0">
  <testcase name="Verify_TC2941_UserCanChangeFamilyAndTypeWhencloneForm" time="107.160" classname="com.perficient.test.cat.catinspectweb.testcase.createform.TC2941_UserCanChangeFamilyAndTypeWhencloneForm"/>
</testsuite> <!-- com.perficient.test.cat.catinspectweb.testcase.createform.TC2941_UserCanChangeFamilyAndTypeWhencloneForm -->
