<?xml version="1.0" encoding="UTF-8"?>
<!-- Generated by org.testng.reporters.JUnitReportReporter -->
<testsuite hostname="H2600-0463L" name="com.perficient.test.cat.catinspectweb.testcase.editinspection.TC2640_UpdatePicturesInEditInspectionPage" tests="1" failures="0" timestamp="27 Feb 2018 06:40:57 GMT" time="189.064" errors="0">
  <testcase name="verify_TC2640_UpdatePicturesInEditInspectionPage" time="189.064" classname="com.perficient.test.cat.catinspectweb.testcase.editinspection.TC2640_UpdatePicturesInEditInspectionPage"/>
</testsuite> <!-- com.perficient.test.cat.catinspectweb.testcase.editinspection.TC2640_UpdatePicturesInEditInspectionPage -->
