<?xml version="1.0" encoding="UTF-8"?>
<!-- Generated by org.testng.reporters.JUnitReportReporter -->
<testsuite hostname="H2600-0395L" name="com.perficient.test.cat.pccaurora.testcase.debug.test01" tests="1" failures="0" timestamp="17 Dec 2015 05:00:12 GMT" time="29.936" errors="0">
  <testcase name="verifyTest01" time="29.936" classname="com.perficient.test.cat.pccaurora.testcase.debug.test01"/>
</testsuite> <!-- com.perficient.test.cat.pccaurora.testcase.debug.test01 -->
