<?xml version="1.0" encoding="UTF-8"?>
<!-- Generated by org.testng.reporters.JUnitReportReporter -->
<testsuite hostname="H2600-0463L" name="com.perficient.test.cat.catinspectweb.testcase.debug.TC2941_UserCanChangeFamilyAndTypeWhencloneForm" tests="1" failures="0" timestamp="23 Jan 2018 06:20:21 GMT" time="151.910" errors="0">
  <testcase name="Verify_TC2941_UserCanChangeFamilyAndTypeWhencloneForm" time="151.910" classname="com.perficient.test.cat.catinspectweb.testcase.debug.TC2941_UserCanChangeFamilyAndTypeWhencloneForm"/>
</testsuite> <!-- com.perficient.test.cat.catinspectweb.testcase.debug.TC2941_UserCanChangeFamilyAndTypeWhencloneForm -->
