<?xml version="1.0" encoding="UTF-8"?>
<!-- Generated by org.testng.reporters.JUnitReportReporter -->
<testsuite hostname="H2600-0463L" name="com.perficient.test.cat.catinspectweb.testcase.editinspection.TC2700_AddAndDeleteCommentsWhenEditInspection" tests="1" failures="0" timestamp="26 Jan 2018 08:59:46 GMT" time="186.041" errors="0">
  <testcase name="verify_TC2700_AddAndDeleteCommentsWhenEditInspection" time="186.041" classname="com.perficient.test.cat.catinspectweb.testcase.editinspection.TC2700_AddAndDeleteCommentsWhenEditInspection"/>
</testsuite> <!-- com.perficient.test.cat.catinspectweb.testcase.editinspection.TC2700_AddAndDeleteCommentsWhenEditInspection -->
