<?xml version="1.0" encoding="UTF-8"?>
<!-- Generated by org.testng.reporters.JUnitReportReporter -->
<testsuite hostname="H2600-0463L" name="com.perficient.test.cat.catinspectweb.testcase.editinspection.TC2733_UserViewImageInEditInspectionProcess" tests="1" failures="0" timestamp="27 Feb 2018 06:30:02 GMT" time="155.608" errors="0">
  <testcase name="verify_TC2733_UserViewImageInEditInspectionProcess" time="155.608" classname="com.perficient.test.cat.catinspectweb.testcase.editinspection.TC2733_UserViewImageInEditInspectionProcess"/>
</testsuite> <!-- com.perficient.test.cat.catinspectweb.testcase.editinspection.TC2733_UserViewImageInEditInspectionProcess -->
