<?xml version="1.0" encoding="UTF-8"?>
<!-- Generated by org.testng.reporters.JUnitReportReporter -->
<testsuite hostname="H2600-0463L" name="com.perficient.test.cat.catinspectweb.testcase.debug.TC2935_CheckSortingFunctionInManageFormPage" tests="1" failures="0" timestamp="22 Jan 2018 02:09:16 GMT" time="127.007" errors="0">
  <testcase name="verify_TC2625_FilterFormByFamily" time="127.007" classname="com.perficient.test.cat.catinspectweb.testcase.debug.TC2935_CheckSortingFunctionInManageFormPage"/>
</testsuite> <!-- com.perficient.test.cat.catinspectweb.testcase.debug.TC2935_CheckSortingFunctionInManageFormPage -->
