<?xml version="1.0" encoding="UTF-8"?>
<!-- Generated by org.testng.reporters.JUnitReportReporter -->
<testsuite hostname="H2600-0463L" name="com.perficient.test.cat.catinspectweb.testcase.debug.TC2908_CheckFormExistAfterPublished" tests="1" failures="0" timestamp="16 Jan 2018 02:24:54 GMT" time="98.119" errors="0">
  <testcase name="Verify_TC2623_ViewHelpFileAfterAdded" time="98.119" classname="com.perficient.test.cat.catinspectweb.testcase.debug.TC2908_CheckFormExistAfterPublished"/>
</testsuite> <!-- com.perficient.test.cat.catinspectweb.testcase.debug.TC2908_CheckFormExistAfterPublished -->
