<?xml version="1.0" encoding="UTF-8"?>
<!-- Generated by org.testng.reporters.JUnitReportReporter -->
<testsuite hostname="ARWJMETP01" name="com.perficient.test.cat.pccaurora.testcase.shoppingcart.TC1793_Jstc02jobsiteEndToEnd" tests="1" failures="0" timestamp="27 Jul 2016 07:27:03 GMT" time="184.153" errors="0">
  <testcase name="verify_TC1793_Jstc02jobsiteEndToEnd" time="184.153" classname="com.perficient.test.cat.pccaurora.testcase.shoppingcart.TC1793_Jstc02jobsiteEndToEnd"/>
</testsuite> <!-- com.perficient.test.cat.pccaurora.testcase.shoppingcart.TC1793_Jstc02jobsiteEndToEnd -->
