<?xml version="1.0" encoding="UTF-8"?>
<!-- Generated by org.testng.reporters.JUnitReportReporter -->
<testsuite hostname="ARWJMETP01" name="com.perficient.test.cat.pccaurora.testcase.myaccount.TC1962_Ct02CoreTrackingPaginationandLinks" tests="1" failures="0" timestamp="3 Aug 2016 02:31:36 GMT" time="193.993" errors="0">
  <testcase name="verify_TC1962_Ct02CoreTrackingPaginationandLinks" time="193.993" classname="com.perficient.test.cat.pccaurora.testcase.myaccount.TC1962_Ct02CoreTrackingPaginationandLinks"/>
</testsuite> <!-- com.perficient.test.cat.pccaurora.testcase.myaccount.TC1962_Ct02CoreTrackingPaginationandLinks -->
