<?xml version="1.0" encoding="UTF-8"?>
<!-- Generated by org.testng.reporters.JUnitReportReporter -->
<testsuite hostname="H2600-0463L" name="com.perficient.test.cat.catinspectweb.testcase.debug.TC2940_PerviousFilterValuewillInitailize" tests="1" failures="0" timestamp="22 Jan 2018 03:09:11 GMT" time="88.426" errors="0">
  <testcase name="verify_TC2625_FilterFormByFamily" time="88.426" classname="com.perficient.test.cat.catinspectweb.testcase.debug.TC2940_PerviousFilterValuewillInitailize"/>
</testsuite> <!-- com.perficient.test.cat.catinspectweb.testcase.debug.TC2940_PerviousFilterValuewillInitailize -->
