<?xml version="1.0" encoding="UTF-8"?>
<!-- Generated by org.testng.reporters.JUnitReportReporter -->
<testsuite hostname="H2400-0383L" name="com.perficient.test.cat.pccaurora.testcase.quickorder.TC2134_Tc012quickorderguestshopping" tests="1" failures="0" timestamp="11 Nov 2016 07:14:04 GMT" time="74.323" errors="0">
  <testcase name="verify_TC2134_Tc012quickorderguestshopping" time="74.323" classname="com.perficient.test.cat.pccaurora.testcase.quickorder.TC2134_Tc012quickorderguestshopping"/>
</testsuite> <!-- com.perficient.test.cat.pccaurora.testcase.quickorder.TC2134_Tc012quickorderguestshopping -->
