<?xml version="1.0" encoding="UTF-8"?>
<!-- Generated by org.testng.reporters.JUnitReportReporter -->
<testsuite hostname="ARWJMETP01" name="com.perficient.test.cat.pccaurora.testcase.debug.TC1898_Fbe14QuantityFieldValidation" tests="1" failures="0" timestamp="27 Jul 2016 08:37:24 GMT" time="629.375" errors="0">
  <testcase name="verify_TC1898_Fbe14QuantityFieldValidation" time="629.375" classname="com.perficient.test.cat.pccaurora.testcase.debug.TC1898_Fbe14QuantityFieldValidation"/>
</testsuite> <!-- com.perficient.test.cat.pccaurora.testcase.debug.TC1898_Fbe14QuantityFieldValidation -->
