<?xml version="1.0" encoding="UTF-8"?>
<!-- Generated by org.testng.reporters.JUnitReportReporter -->
<testsuite hostname="H2600-0463L" name="com.perficient.test.cat.catinspectweb.testcase.createform.TC2623_ViewHelpFileAfterAdded" tests="1" failures="0" timestamp="29 Jan 2018 02:14:42 GMT" time="120.014" errors="0">
  <testcase name="Verify_TC2623_ViewHelpFileAfterAdded" time="120.014" classname="com.perficient.test.cat.catinspectweb.testcase.createform.TC2623_ViewHelpFileAfterAdded"/>
</testsuite> <!-- com.perficient.test.cat.catinspectweb.testcase.createform.TC2623_ViewHelpFileAfterAdded -->
