<?xml version="1.0" encoding="UTF-8"?>
<!-- Generated by org.testng.reporters.JUnitReportReporter -->
<testsuite hostname="H2600-0463L" name="com.perficient.test.cat.catinspectweb.testcase.editinspection.TC2644_PDFRegenerateAfterInspectionInfoEdited" tests="1" failures="0" timestamp="26 Jan 2018 07:06:06 GMT" time="223.140" errors="0">
  <testcase name="verify_TC2644_PDFRegenerateAfterInspectionInfoEdited" time="223.140" classname="com.perficient.test.cat.catinspectweb.testcase.editinspection.TC2644_PDFRegenerateAfterInspectionInfoEdited"/>
</testsuite> <!-- com.perficient.test.cat.catinspectweb.testcase.editinspection.TC2644_PDFRegenerateAfterInspectionInfoEdited -->
