<?xml version="1.0" encoding="UTF-8"?>
<!-- Generated by org.testng.reporters.JUnitReportReporter -->
<testsuite hostname="H2600-0463L" name="com.perficient.test.cat.catinspectweb.testcase.createform.TC2624ViewImageFileWhenCloneAForm" tests="1" failures="0" timestamp="12 Mar 2018 08:00:48 GMT" time="121.391" errors="0">
  <testcase name="Verify_TC2624ViewImageFileWhenCloneAForm" time="121.391" classname="com.perficient.test.cat.catinspectweb.testcase.createform.TC2624ViewImageFileWhenCloneAForm"/>
</testsuite> <!-- com.perficient.test.cat.catinspectweb.testcase.createform.TC2624ViewImageFileWhenCloneAForm -->
