<?xml version="1.0" encoding="UTF-8"?>
<!-- Generated by org.testng.reporters.JUnitReportReporter -->
<testsuite hostname="ARWJMETP01" name="com.perficient.test.cat.pccaurora.testcase.quickorder.TC1124_Sc027tc10cvsFileWithIncorrectFormat" tests="1" failures="0" timestamp="29 Jul 2016 08:45:01 GMT" time="68.060" errors="0">
  <testcase name="verify_TC1124_Sc027tc10cvsFileWithIncorrectFormat" time="68.060" classname="com.perficient.test.cat.pccaurora.testcase.quickorder.TC1124_Sc027tc10cvsFileWithIncorrectFormat"/>
</testsuite> <!-- com.perficient.test.cat.pccaurora.testcase.quickorder.TC1124_Sc027tc10cvsFileWithIncorrectFormat -->
