<?xml version="1.0" encoding="UTF-8"?>
<!-- Generated by org.testng.reporters.JUnitReportReporter -->
<testsuite hostname="H2600-0395L" name="com.perficient.test.cat.pccaurora.testcase.TC01" tests="1" failures="0" timestamp="17 Dec 2015 02:24:54 GMT" time="30.415" errors="0">
  <testcase name="verifyTC" time="30.415" classname="com.perficient.test.cat.pccaurora.testcase.TC01"/>
</testsuite> <!-- com.perficient.test.cat.pccaurora.testcase.TC01 -->
