<?xml version="1.0" encoding="UTF-8"?>
<!-- Generated by org.testng.reporters.JUnitReportReporter -->
<testsuite hostname="H2600-0463L" name="com.perficient.test.cat.catinspectweb.testcase.UserAdmin.TC2931_CheckSortFunctionInTheUserAdminPage" tests="1" failures="0" timestamp="27 Feb 2018 06:14:01 GMT" time="455.907" errors="0">
  <testcase name="verify_TC2931_CheckSortFunctionInTheUserAdminPage" time="455.907" classname="com.perficient.test.cat.catinspectweb.testcase.UserAdmin.TC2931_CheckSortFunctionInTheUserAdminPage"/>
</testsuite> <!-- com.perficient.test.cat.catinspectweb.testcase.UserAdmin.TC2931_CheckSortFunctionInTheUserAdminPage -->
