<?xml version="1.0" encoding="UTF-8"?>
<!-- Generated by org.testng.reporters.JUnitReportReporter -->
<testsuite hostname="H2600-0463L" name="com.perficient.test.cat.catinspectweb.testcase.debug.TC2638_PreviewTheFormInManageFormScreen" tests="1" failures="0" timestamp="13 Dec 2017 08:05:53 GMT" time="119.740" errors="0">
  <testcase name="Verify_TC2638_PreviewTheFormInManageFormScreen" time="119.740" classname="com.perficient.test.cat.catinspectweb.testcase.debug.TC2638_PreviewTheFormInManageFormScreen"/>
</testsuite> <!-- com.perficient.test.cat.catinspectweb.testcase.debug.TC2638_PreviewTheFormInManageFormScreen -->
