<?xml version="1.0" encoding="UTF-8"?>
<!-- Generated by org.testng.reporters.JUnitReportReporter -->
<testsuite hostname="ARWJMETP01" name="com.perficient.test.cat.pccaurora.testcase.myaccount.TC1920_SP01SingleDealerForIAAccount" tests="1" failures="0" timestamp="3 Aug 2016 03:12:29 GMT" time="108.840" errors="0">
  <testcase name="verify_TC1920_SP01SingleDealerForIAAccount" time="108.840" classname="com.perficient.test.cat.pccaurora.testcase.myaccount.TC1920_SP01SingleDealerForIAAccount"/>
</testsuite> <!-- com.perficient.test.cat.pccaurora.testcase.myaccount.TC1920_SP01SingleDealerForIAAccount -->
