<?xml version="1.0" encoding="UTF-8"?>
<!-- Generated by org.testng.reporters.JUnitReportReporter -->
<testsuite hostname="ARWJMETP01" name="com.perficient.test.cat.pccaurora.testcase.quickorder.TC1642_VerifyThatTheSampleCsvFileDownloadedAndUploaded" tests="1" failures="0" timestamp="29 Jul 2016 08:45:01 GMT" time="64.280" errors="0">
  <testcase name="verify_TC1642_VerifyThatTheSampleCsvFileDownloadedAndUploaded" time="64.280" classname="com.perficient.test.cat.pccaurora.testcase.quickorder.TC1642_VerifyThatTheSampleCsvFileDownloadedAndUploaded"/>
</testsuite> <!-- com.perficient.test.cat.pccaurora.testcase.quickorder.TC1642_VerifyThatTheSampleCsvFileDownloadedAndUploaded -->
