<?xml version="1.0" encoding="UTF-8"?>
<!-- Generated by org.testng.reporters.JUnitReportReporter -->
<testsuite hostname="H2600-0463L" name="com.perficient.test.cat.catinspectweb.testcase.createform.TC2908_CheckFormExistAfterPublished" tests="1" failures="0" timestamp="13 Mar 2018 09:01:22 GMT" time="93.457" errors="0">
  <testcase name="Verify_TC2908_CheckFormExistAfterPublished" time="93.457" classname="com.perficient.test.cat.catinspectweb.testcase.createform.TC2908_CheckFormExistAfterPublished"/>
</testsuite> <!-- com.perficient.test.cat.catinspectweb.testcase.createform.TC2908_CheckFormExistAfterPublished -->
