<?xml version="1.0" encoding="UTF-8"?>
<!-- Generated by org.testng.reporters.JUnitReportReporter -->
<testsuite hostname="ARWJMETP01" name="com.perficient.test.cat.pccaurora.testcase.quickorder.TC1120_Sc027tc06addMorePartsToQuickOrderAfterUploadingCsvFile" tests="1" failures="0" timestamp="29 Jul 2016 08:45:01 GMT" time="132.822" errors="0">
  <testcase name="verify_TC1120_Sc027tc06addMorePartsToQuickOrderAfterUploadingCsvFile" time="132.822" classname="com.perficient.test.cat.pccaurora.testcase.quickorder.TC1120_Sc027tc06addMorePartsToQuickOrderAfterUploadingCsvFile"/>
</testsuite> <!-- com.perficient.test.cat.pccaurora.testcase.quickorder.TC1120_Sc027tc06addMorePartsToQuickOrderAfterUploadingCsvFile -->
