<?xml version="1.0" encoding="UTF-8"?>
<!-- Generated by org.testng.reporters.JUnitReportReporter -->
<testsuite hostname="ARWJMETP01" name="com.perficient.test.cat.pccaurora.testcase.myaccount.TC2022_Oh02_ViewallOrderslink" tests="1" failures="0" timestamp="2 Aug 2016 06:41:13 GMT" time="155.901" errors="0">
  <testcase name="verify_TC2022_Oh02_ViewallOrderslink" time="155.901" classname="com.perficient.test.cat.pccaurora.testcase.myaccount.TC2022_Oh02_ViewallOrderslink"/>
</testsuite> <!-- com.perficient.test.cat.pccaurora.testcase.myaccount.TC2022_Oh02_ViewallOrderslink -->
