<?xml version="1.0" encoding="UTF-8"?>
<!-- Generated by org.testng.reporters.JUnitReportReporter -->
<testsuite hostname="H2600-0463L" name="com.perficient.test.cat.catinspectweb.testcase.createform.TC2933_SaveADraftFormInTheProcessOfCreatingForm" tests="1" failures="0" timestamp="26 Jan 2018 06:40:21 GMT" time="92.789" errors="0">
  <testcase name="Verify_TC2933_SaveADraftFormInTheProcessOfCreatingForm" time="92.789" classname="com.perficient.test.cat.catinspectweb.testcase.createform.TC2933_SaveADraftFormInTheProcessOfCreatingForm"/>
</testsuite> <!-- com.perficient.test.cat.catinspectweb.testcase.createform.TC2933_SaveADraftFormInTheProcessOfCreatingForm -->
