<?xml version="1.0" encoding="UTF-8"?>
<!-- Generated by org.testng.reporters.JUnitReportReporter -->
<testsuite hostname="ARWJMETP01" name="com.perficient.test.cat.pccaurora.testcase.quickorder.TC1130_Sc027tc16userEntersPartQuantityAsZeroViaCsvOrEnteredManually" tests="1" failures="0" timestamp="29 Jul 2016 08:45:01 GMT" time="56.413" errors="0">
  <testcase name="verify_TC1130_Sc027tc16userEntersPartQuantityAsZeroViaCsvOrEnteredManually" time="56.413" classname="com.perficient.test.cat.pccaurora.testcase.quickorder.TC1130_Sc027tc16userEntersPartQuantityAsZeroViaCsvOrEnteredManually"/>
</testsuite> <!-- com.perficient.test.cat.pccaurora.testcase.quickorder.TC1130_Sc027tc16userEntersPartQuantityAsZeroViaCsvOrEnteredManually -->
