<?xml version="1.0" encoding="UTF-8"?>
<!-- Generated by org.testng.reporters.JUnitReportReporter -->
<testsuite hostname="H2600-0463L" name="com.perficient.test.cat.catinspectweb.testcase.UserAdmin.TC2857_OpenUserProfileAndEditName" tests="1" failures="0" timestamp="27 Feb 2018 06:26:03 GMT" time="103.718" errors="0">
  <testcase name="verify_TC2857_OpenUserProfileAndEditName" time="103.718" classname="com.perficient.test.cat.catinspectweb.testcase.UserAdmin.TC2857_OpenUserProfileAndEditName"/>
</testsuite> <!-- com.perficient.test.cat.catinspectweb.testcase.UserAdmin.TC2857_OpenUserProfileAndEditName -->
