<?xml version="1.0" encoding="UTF-8"?>
<!-- Generated by org.testng.reporters.JUnitReportReporter -->
<testsuite hostname="H2600-0463L" name="com.perficient.test.cat.catinspectweb.testcase.UserAdmin.TC2858_OpenUserprofileAndEditorganization" tests="1" failures="0" timestamp="26 Jan 2018 07:41:04 GMT" time="110.387" errors="0">
  <testcase name="verify_TC2858_OpenUserprofileAndEditorganization" time="110.387" classname="com.perficient.test.cat.catinspectweb.testcase.UserAdmin.TC2858_OpenUserprofileAndEditorganization"/>
</testsuite> <!-- com.perficient.test.cat.catinspectweb.testcase.UserAdmin.TC2858_OpenUserprofileAndEditorganization -->
