<?xml version="1.0" encoding="UTF-8"?>
<!-- Generated by org.testng.reporters.JUnitReportReporter -->
<testsuite hostname="ARWJMETP01" name="com.perficient.test.cat.pccaurora.testcase.quickorder.TC2005_Qoalt10e2euploadValidation" tests="1" failures="0" timestamp="2 Aug 2016 06:19:46 GMT" time="310.595" errors="0">
  <testcase name="verify_TC2005_Qoalt10e2euploadValidation" time="310.595" classname="com.perficient.test.cat.pccaurora.testcase.quickorder.TC2005_Qoalt10e2euploadValidation"/>
</testsuite> <!-- com.perficient.test.cat.pccaurora.testcase.quickorder.TC2005_Qoalt10e2euploadValidation -->
