<?xml version="1.0" encoding="UTF-8"?>
<!-- Generated by org.testng.reporters.JUnitReportReporter -->
<testsuite hostname="H2600-0463L" name="com.perficient.test.cat.catinspectweb.testcase.createform.TC2627_ViewPdfFileWhenCloneForm" tests="1" failures="0" timestamp="12 Mar 2018 08:04:14 GMT" time="94.654" errors="0">
  <testcase name="Verify_TC2627_ViewPdfFileWhenCloneForm" time="94.654" classname="com.perficient.test.cat.catinspectweb.testcase.createform.TC2627_ViewPdfFileWhenCloneForm"/>
</testsuite> <!-- com.perficient.test.cat.catinspectweb.testcase.createform.TC2627_ViewPdfFileWhenCloneForm -->
