<?xml version="1.0" encoding="UTF-8"?>
<!-- Generated by org.testng.reporters.JUnitReportReporter -->
<testsuite hostname="ARWJMETP01" name="com.perficient.test.cat.pccaurora.testcase.quickorder.TC2003_QOALT08AUIndirectReplacement" tests="1" failures="0" timestamp="29 Jul 2016 05:57:20 GMT" time="53.794" errors="0">
  <testcase name="verify_TC2003_QOALT08AUIndirectReplacement" time="53.794" classname="com.perficient.test.cat.pccaurora.testcase.quickorder.TC2003_QOALT08AUIndirectReplacement"/>
</testsuite> <!-- com.perficient.test.cat.pccaurora.testcase.quickorder.TC2003_QOALT08AUIndirectReplacement -->
