<?xml version="1.0" encoding="UTF-8"?>
<!-- Generated by org.testng.reporters.JUnitReportReporter -->
<testsuite hostname="H2600-0463L" name="com.perficient.test.cat.catinspectweb.testcase.ManageForm.TC2363_FilterFormByDraftForms" tests="1" failures="0" timestamp="5 Mar 2018 06:14:03 GMT" time="85.654" errors="0">
  <testcase name="verify_TC2363_FilterFormByDraftForms" time="85.654" classname="com.perficient.test.cat.catinspectweb.testcase.ManageForm.TC2363_FilterFormByDraftForms"/>
</testsuite> <!-- com.perficient.test.cat.catinspectweb.testcase.ManageForm.TC2363_FilterFormByDraftForms -->
