<?xml version="1.0" encoding="UTF-8"?>
<!-- Generated by org.testng.reporters.JUnitReportReporter -->
<testsuite hostname="H2600-0463L" name="com.perficient.test.cat.catinspectweb.testcase.ManageForm.TC2940_PerviousFilterValuewillInitailize" tests="1" failures="0" timestamp="5 Mar 2018 08:28:06 GMT" time="157.541" errors="0">
  <testcase name="verify_TC2625_FilterFormByFamily" time="157.541" classname="com.perficient.test.cat.catinspectweb.testcase.ManageForm.TC2940_PerviousFilterValuewillInitailize"/>
</testsuite> <!-- com.perficient.test.cat.catinspectweb.testcase.ManageForm.TC2940_PerviousFilterValuewillInitailize -->
