<?xml version="1.0" encoding="UTF-8"?>
<!-- Generated by org.testng.reporters.JUnitReportReporter -->
<testsuite hostname="H2600-0463L" name="com.perficient.test.cat.catinspectweb.testcase.debug.VerifyDealerRetailsFormInfo" tests="1" failures="0" timestamp="30 Nov 2017 07:19:54 GMT" time="32.377" errors="0">
  <testcase name="name" time="32.377" classname="com.perficient.test.cat.catinspectweb.testcase.debug.VerifyDealerRetailsFormInfo"/>
</testsuite> <!-- com.perficient.test.cat.catinspectweb.testcase.debug.VerifyDealerRetailsFormInfo -->
